1684414870388	geckodriver	INFO	Listening on 127.0.0.1:27433
1684414873441	mozrunner::runner	INFO	Running command: "C:\\Program Files\\Mozilla Firefox\\firefox.exe" "--marionette" "--remote-debugging-port" "27434" "--remote-allow-hosts" "localhost" "-no-remote" "-profile" "C:\\Users\\User\\AppData\\Local\\Temp\\rust_mozprofileKczvkY"
1684414873957	Marionette	INFO	Marionette enabled
1684414873962	Marionette	INFO	Listening on port 27486
Read port: 27486
WebDriver BiDi listening on ws://127.0.0.1:27434
1684414874053	RemoteAgent	WARN	TLS certificate errors will be ignored for this session
console.warn: SearchSettings: "get: No settings file exists, new profile?" (new NotFoundError("Could not open the file at C:\\Users\\User\\AppData\\Local\\Temp\\rust_mozprofileKczvkY\\search.json.mozlz4", (void 0)))
DevTools listening on ws://127.0.0.1:27434/devtools/browser/0fe7b75b-0a9b-4ec4-8013-be9e048c4835
JavaScript error: https://www.bd.gov.hk/js/search/ordersearch.js, line 226: TypeError: searchNoticeNumber is null
1684414875823	Marionette	WARN	Ignoring event 'DOMContentLoaded' because document has an invalid readyState of 'complete'.
JavaScript error: https://www.bd.gov.hk/js/jq_control.js, line 65: TypeError: $(...).position() is undefined
1684414923237	Marionette	WARN	TimedPromise timed out after 500 ms: stacktrace:
TimedPromise/<@chrome://remote/content/marionette/sync.sys.mjs:219:24
TimedPromise@chrome://remote/content/marionette/sync.sys.mjs:204:10
interaction.flushEventLoop@chrome://remote/content/marionette/interaction.sys.mjs:425:10
webdriverClickElement@chrome://remote/content/marionette/interaction.sys.mjs:173:31
1684414925884	Marionette	WARN	TimedPromise timed out after 500 ms: stacktrace:
TimedPromise/<@chrome://remote/content/marionette/sync.sys.mjs:219:24
TimedPromise@chrome://remote/content/marionette/sync.sys.mjs:204:10
interaction.flushEventLoop@chrome://remote/content/marionette/interaction.sys.mjs:425:10
webdriverClickElement@chrome://remote/content/marionette/interaction.sys.mjs:173:31
1684414930536	Marionette	WARN	TimedPromise timed out after 500 ms: stacktrace:
TimedPromise/<@chrome://remote/content/marionette/sync.sys.mjs:219:24
TimedPromise@chrome://remote/content/marionette/sync.sys.mjs:204:10
interaction.flushEventLoop@chrome://remote/content/marionette/interaction.sys.mjs:425:10
webdriverClickElement@chrome://remote/content/marionette/interaction.sys.mjs:173:31
1684414956794	Marionette	INFO	Stopped listening on port 27486
1684415265017	geckodriver	INFO	Listening on 127.0.0.1:58308
